2026-07-22 17:21:30,246 [DEBUG] watchfiles.main: 1 change detected: {(<Change.modified: 2>, 'D:\\projects\\python\\ai-exam-platform\\logs\\app.log')}
2026-07-22 17:21:30,703 [DEBUG] watchfiles.main: 1 change detected: {(<Change.modified: 2>, 'D:\\projects\\python\\ai-exam-platform\\logs\\app.log')}
2026-07-22 17:21:35,477 [DEBUG] watchfiles.main: 1 change detected: {(<Change.modified: 2>, 'D:\\projects\\python\\ai-exam-platform\\logs\\error.log')}
2026-07-22 17:21:40,340 [DEBUG] watchfiles.main: 1 change detected: {(<Change.modified: 2>, 'D:\\projects\\python\\ai-exam-platform\\logs\\app.log')}
2026-07-22 17:21:41,413 [DEBUG] watchfiles.main: 1 change detected: {(<Change.modified: 2>, 'D:\\projects\\python\\ai-exam-platform\\logs\\app.log')}
2026-07-22 17:21:41,778 [DEBUG] watchfiles.main: 1 change detected: {(<Change.modified: 2>, 'D:\\projects\\python\\ai-exam-platform\\logs\\app.log')}
2026-07-22 17:21:42,787 [DEBUG] watchfiles.main: 1 change detected: {(<Change.modified: 2>, 'D:\\projects\\python\\ai-exam-platform\\logs\\app.log')}
2026-07-22 17:22:12,298 [DEBUG] watchfiles.main: 1 change detected: {(<Change.modified: 2>, 'D:\\projects\\python\\ai-exam-platform\\logs\\app.log')}
2026-07-22 17:22:12,652 [DEBUG] watchfiles.main: 1 change detected: {(<Change.modified: 2>, 'D:\\projects\\python\\ai-exam-platform\\logs\\app.log')}
2026-07-22 17:22:13,318 [DEBUG] watchfiles.main: 1 change detected: {(<Change.modified: 2>, 'D:\\projects\\python\\ai-exam-platform\\logs\\app.log')}
2026-07-22 17:22:30,162 [DEBUG] watchfiles.main: 1 change detected: {(<Change.modified: 2>, 'D:\\projects\\python\\ai-exam-platform\\logs\\app.log')}
2026-07-22 17:24:55,006 [DEBUG] watchfiles.main: 1 change detected: {(<Change.modified: 2>, 'D:\\projects\\python\\ai-exam-platform\\.env')}
2026-07-22 17:25:55,099 [INFO] main: Background: initializing database...
2026-07-22 17:25:55,100 [INFO] database: Using SQLite: sqlite:///./ai_exam_db.db
2026-07-22 17:25:55,117 [INFO] database: Database schemas created/verified.
2026-07-22 17:25:55,150 [ERROR] database: Seeding failed: (sqlite3.OperationalError) no such column: users.roles
[SQL: SELECT count(*) AS count_1 
FROM (SELECT users.id AS users_id, users.username AS users_username, users.hashed_password AS users_hashed_password, users.plain_password AS users_plain_password, users.name AS users_name, users.father_name AS users_father_name, users.roles AS users_roles, users.organization_id AS users_organization_id 
FROM users) AS anon_1]
(Background on this error at: https://sqlalche.me/e/20/e3q8)
2026-07-22 17:25:55,151 [INFO] main: Background: database initialization complete.
2026-07-22 17:26:03,783 [DEBUG] watchfiles.main: 1 change detected: {(<Change.modified: 2>, 'D:\\projects\\python\\ai-exam-platform\\.env')}
2026-07-22 17:26:03,788 [DEBUG] watchfiles.main: 1 change detected: {(<Change.modified: 2>, 'D:\\projects\\python\\ai-exam-platform\\.env')}
2026-07-22 17:26:21,991 [INFO] main: Background: initializing database...
2026-07-22 17:26:21,991 [INFO] database: Connecting to PostgreSQL database...
2026-07-22 17:26:22,056 [INFO] database: PostgreSQL connection established.
2026-07-22 17:26:22,097 [WARNING] database: pgvector not found — using TEXT fallback.
2026-07-22 17:26:22,111 [INFO] database: Database schemas created/verified.
2026-07-22 17:26:22,153 [INFO] main: Background: database initialization complete.
2026-07-22 17:29:11,960 [DEBUG] watchfiles.main: 2 changes detected: {(<Change.modified: 2>, 'D:\\projects\\python\\ai-exam-platform\\logs\\app.log'), (<Change.modified: 2>, 'D:\\projects\\python\\ai-exam-platform\\logs\\error.log')}
2026-07-22 17:29:12,006 [DEBUG] watchfiles.main: 2 changes detected: {(<Change.modified: 2>, 'D:\\projects\\python\\ai-exam-platform\\logs\\error.log'), (<Change.modified: 2>, 'D:\\projects\\python\\ai-exam-platform\\logs\\app.log')}
2026-07-22 17:29:14,522 [ERROR] ws_activity: Error sending WebSocket broadcast: 
2026-07-22 17:29:25,319 [INFO] main: Background: initializing database...
2026-07-22 17:29:25,320 [INFO] database: Connecting to PostgreSQL database...
2026-07-22 17:29:25,396 [INFO] database: PostgreSQL connection established.
2026-07-22 17:29:25,439 [WARNING] database: pgvector not found — using TEXT fallback.
2026-07-22 17:29:25,453 [INFO] database: Database schemas created/verified.
2026-07-22 17:29:25,486 [INFO] main: Background: database initialization complete.
2026-07-22 17:29:40,271 [DEBUG] watchfiles.main: 1 change detected: {(<Change.modified: 2>, 'D:\\projects\\python\\ai-exam-platform\\app\\main.py')}
2026-07-22 17:29:45,414 [ERROR] ws_activity: Error sending WebSocket broadcast: 
2026-07-22 17:29:47,043 [DEBUG] watchfiles.main: 7 changes detected: {(<Change.added: 1>, 'D:\\projects\\python\\ai-exam-platform\\app\\__pycache__\\main.cpython-314.pyc.2087098458288'), (<Change.modified: 2>, 'D:\\projects\\python\\ai-exam-platform\\logs\\error.log'), (<Change.added: 1>, 'D:\\projects\\python\\ai-exam-platform\\app\\__pycache__\\main.cpython-314.pyc'), (<Change.modified: 2>, 'D:\\projects\\python\\ai-exam-platform\\app\\__pycache__'), (<Change.deleted: 3>, 'D:\\projects\\python\\ai-exam-platform\\app\\__pycache__\\main.cpython-314.pyc.2087098458288'), (<Change.deleted: 3>, 'D:\\projects\\python\\ai-exam-platform\\app\\__pycache__\\main.cpython-314.pyc'), (<Change.modified: 2>, 'D:\\projects\\python\\ai-exam-platform\\logs\\app.log')}
2026-07-22 17:29:49,545 [INFO] main: Background: initializing database...
2026-07-22 17:29:49,545 [INFO] database: Connecting to PostgreSQL database...
2026-07-22 17:29:49,582 [INFO] database: Connecting to PostgreSQL database...
2026-07-22 17:29:49,626 [INFO] database: PostgreSQL connection established.
2026-07-22 17:29:49,626 [INFO] database: PostgreSQL connection established.
2026-07-22 17:29:49,657 [WARNING] database: pgvector not found — using TEXT fallback.
2026-07-22 17:29:49,667 [INFO] database: Database schemas created/verified.
2026-07-22 17:29:49,695 [INFO] main: Background: database initialization complete.
2026-07-22 17:29:49,768 [WARNING] database: pgvector not found — using TEXT fallback.
2026-07-23 10:11:47,652 [DEBUG] watchfiles.main: 1 change detected: {(<Change.modified: 2>, 'D:\\projects\\python\\ai-exam-platform\\logs\\app.log')}
2026-07-23 15:33:01,867 [INFO] database: Connecting to PostgreSQL database...
2026-07-23 15:33:01,927 [INFO] database: PostgreSQL connection established.
2026-07-23 15:33:01,960 [WARNING] database: pgvector not found — using TEXT fallback.
2026-07-23 15:33:13,331 [DEBUG] asyncio: Using proactor: IocpProactor
2026-07-23 15:33:13,359 [INFO] database: Connecting to PostgreSQL database...
2026-07-23 15:33:13,411 [INFO] database: PostgreSQL connection established.
2026-07-23 15:33:13,445 [WARNING] database: pgvector not found — using TEXT fallback.
2026-07-23 15:33:13,447 [INFO] httpx: HTTP Request: GET http://testserver/checkdb "HTTP/1.1 200 OK"
